<?xml version="1.0" encoding="utf-8"?><testsuites name="pytest tests"><testsuite name="pytest" errors="0" failures="0" skipped="0" tests="11" time="42.638" timestamp="2026-02-19T21:28:07.013171+00:00" hostname="agent-env-f26fbf50-23de-4319-8091-aae13d9b645d"><testcase classname="tests.test_security_scanner.TestHealthAndRoot" name="test_api_root" time="0.488" /><testcase classname="tests.test_security_scanner.TestHealthAndRoot" name="test_stats_endpoint" time="0.095" /><testcase classname="tests.test_security_scanner.TestScansAPI" name="test_list_scans" time="0.074" /><testcase classname="tests.test_security_scanner.TestScansAPI" name="test_create_scan" time="0.087" /><testcase classname="tests.test_security_scanner.TestScansAPI" name="test_create_scan_and_get_by_id" time="0.150" /><testcase classname="tests.test_security_scanner.TestScansAPI" name="test_get_nonexistent_scan" time="0.060" /><testcase classname="tests.test_security_scanner.TestScansAPI" name="test_create_scan_missing_fields" time="0.120" /><testcase classname="tests.test_security_scanner.TestVulnerabilitiesAPI" name="test_get_vulnerabilities_for_scan" time="0.172" /><testcase classname="tests.test_security_scanner.TestVulnerabilitiesAPI" name="test_get_vulnerabilities_nonexistent_scan" time="0.061" /><testcase classname="tests.test_security_scanner.TestScanExecution" name="test_scan_completes_and_finds_vulnerabilities" time="41.027" /><testcase classname="tests.test_security_scanner.TestStatsAccuracy" name="test_stats_reflect_database" time="0.151" /></testsuite></testsuites>